20-Mar-2025 11:17:37.000 INFO [main] org.apache.catalina.startup.VersionLoggerListener.log Server version name:   Apache Tomcat/10.1.39
20-Mar-2025 11:17:37.006 INFO [main] org.apache.catalina.startup.VersionLoggerListener.log Server built:          Mar 4 2025 19:02:32 UTC
20-Mar-2025 11:17:37.006 INFO [main] org.apache.catalina.startup.VersionLoggerListener.log Server version number: 10.1.39.0
20-Mar-2025 11:17:37.007 INFO [main] org.apache.catalina.startup.VersionLoggerListener.log OS Name:               Windows 11
20-Mar-2025 11:17:37.007 INFO [main] org.apache.catalina.startup.VersionLoggerListener.log OS Version:            10.0
20-Mar-2025 11:17:37.007 INFO [main] org.apache.catalina.startup.VersionLoggerListener.log Architecture:          amd64
20-Mar-2025 11:17:37.008 INFO [main] org.apache.catalina.startup.VersionLoggerListener.log Java Home:             C:\Program Files\Java\jdk-23
20-Mar-2025 11:17:37.008 INFO [main] org.apache.catalina.startup.VersionLoggerListener.log JVM Version:           23+37-2369
20-Mar-2025 11:17:37.008 INFO [main] org.apache.catalina.startup.VersionLoggerListener.log JVM Vendor:            Oracle Corporation
20-Mar-2025 11:17:37.008 INFO [main] org.apache.catalina.startup.VersionLoggerListener.log CATALINA_BASE:         C:\Users\Murilo\Documents\NetBeansProjects\apache-tomcat-10.1.39
20-Mar-2025 11:17:37.008 INFO [main] org.apache.catalina.startup.VersionLoggerListener.log CATALINA_HOME:         C:\Users\Murilo\Documents\NetBeansProjects\apache-tomcat-10.1.39
20-Mar-2025 11:17:37.016 INFO [main] org.apache.catalina.startup.VersionLoggerListener.log Command line argument: -Djava.util.logging.config.file=C:\Users\Murilo\Documents\NetBeansProjects\apache-tomcat-10.1.39\conf\logging.properties
20-Mar-2025 11:17:37.016 INFO [main] org.apache.catalina.startup.VersionLoggerListener.log Command line argument: -Djava.util.logging.manager=org.apache.juli.ClassLoaderLogManager
20-Mar-2025 11:17:37.016 INFO [main] org.apache.catalina.startup.VersionLoggerListener.log Command line argument: -Djdk.tls.ephemeralDHKeySize=2048
20-Mar-2025 11:17:37.016 INFO [main] org.apache.catalina.startup.VersionLoggerListener.log Command line argument: -Djava.protocol.handler.pkgs=org.apache.catalina.webresources
20-Mar-2025 11:17:37.016 INFO [main] org.apache.catalina.startup.VersionLoggerListener.log Command line argument: -Dsun.io.useCanonCaches=false
20-Mar-2025 11:17:37.017 INFO [main] org.apache.catalina.startup.VersionLoggerListener.log Command line argument: --add-opens=java.base/java.lang=ALL-UNNAMED
20-Mar-2025 11:17:37.017 INFO [main] org.apache.catalina.startup.VersionLoggerListener.log Command line argument: --add-opens=java.base/java.lang.reflect=ALL-UNNAMED
20-Mar-2025 11:17:37.017 INFO [main] org.apache.catalina.startup.VersionLoggerListener.log Command line argument: --add-opens=java.base/java.io=ALL-UNNAMED
20-Mar-2025 11:17:37.017 INFO [main] org.apache.catalina.startup.VersionLoggerListener.log Command line argument: --add-opens=java.base/java.util=ALL-UNNAMED
20-Mar-2025 11:17:37.017 INFO [main] org.apache.catalina.startup.VersionLoggerListener.log Command line argument: --add-opens=java.base/java.util.concurrent=ALL-UNNAMED
20-Mar-2025 11:17:37.017 INFO [main] org.apache.catalina.startup.VersionLoggerListener.log Command line argument: --add-opens=java.rmi/sun.rmi.transport=ALL-UNNAMED
20-Mar-2025 11:17:37.018 INFO [main] org.apache.catalina.startup.VersionLoggerListener.log Command line argument: -Dcatalina.base=C:\Users\Murilo\Documents\NetBeansProjects\apache-tomcat-10.1.39
20-Mar-2025 11:17:37.018 INFO [main] org.apache.catalina.startup.VersionLoggerListener.log Command line argument: -Dcatalina.home=C:\Users\Murilo\Documents\NetBeansProjects\apache-tomcat-10.1.39
20-Mar-2025 11:17:37.018 INFO [main] org.apache.catalina.startup.VersionLoggerListener.log Command line argument: -Djava.io.tmpdir=C:\Users\Murilo\Documents\NetBeansProjects\apache-tomcat-10.1.39\temp
20-Mar-2025 11:17:37.019 INFO [main] org.apache.catalina.core.AprLifecycleListener.lifecycleEvent Loaded Apache Tomcat Native library [2.0.8] using APR version [1.7.4].
20-Mar-2025 11:17:37.041 INFO [main] org.apache.catalina.core.AprLifecycleListener.initializeSSL OpenSSL successfully initialized [OpenSSL 3.0.14 4 Jun 2024]
20-Mar-2025 11:17:37.267 INFO [main] org.apache.coyote.AbstractProtocol.init Initializing ProtocolHandler ["http-nio-5050"]
20-Mar-2025 11:17:37.286 INFO [main] org.apache.catalina.startup.Catalina.load Server initialization in [438] milliseconds
20-Mar-2025 11:17:37.347 INFO [main] org.apache.catalina.core.StandardService.startInternal Starting service [Catalina]
20-Mar-2025 11:17:37.347 INFO [main] org.apache.catalina.core.StandardEngine.startInternal Starting Servlet engine: [Apache Tomcat/10.1.39]
20-Mar-2025 11:17:37.367 INFO [main] org.apache.catalina.startup.HostConfig.deployDirectory Diretório de instalação da aplicação web [C:\Users\Murilo\Documents\NetBeansProjects\apache-tomcat-10.1.39\webapps\docs]
20-Mar-2025 11:17:37.629 INFO [main] org.apache.catalina.startup.HostConfig.deployDirectory Deployment of web application directory [C:\Users\Murilo\Documents\NetBeansProjects\apache-tomcat-10.1.39\webapps\docs] has finished in [260] ms
20-Mar-2025 11:17:37.630 INFO [main] org.apache.catalina.startup.HostConfig.deployDirectory Diretório de instalação da aplicação web [C:\Users\Murilo\Documents\NetBeansProjects\apache-tomcat-10.1.39\webapps\examples]
20-Mar-2025 11:17:37.935 INFO [main] org.apache.catalina.startup.HostConfig.deployDirectory Deployment of web application directory [C:\Users\Murilo\Documents\NetBeansProjects\apache-tomcat-10.1.39\webapps\examples] has finished in [306] ms
20-Mar-2025 11:17:37.935 INFO [main] org.apache.catalina.startup.HostConfig.deployDirectory Diretório de instalação da aplicação web [C:\Users\Murilo\Documents\NetBeansProjects\apache-tomcat-10.1.39\webapps\host-manager]
20-Mar-2025 11:17:37.963 INFO [main] org.apache.catalina.startup.HostConfig.deployDirectory Deployment of web application directory [C:\Users\Murilo\Documents\NetBeansProjects\apache-tomcat-10.1.39\webapps\host-manager] has finished in [28] ms
20-Mar-2025 11:17:37.963 INFO [main] org.apache.catalina.startup.HostConfig.deployDirectory Diretório de instalação da aplicação web [C:\Users\Murilo\Documents\NetBeansProjects\apache-tomcat-10.1.39\webapps\manager]
20-Mar-2025 11:17:37.987 INFO [main] org.apache.catalina.startup.HostConfig.deployDirectory Deployment of web application directory [C:\Users\Murilo\Documents\NetBeansProjects\apache-tomcat-10.1.39\webapps\manager] has finished in [24] ms
20-Mar-2025 11:17:37.988 INFO [main] org.apache.catalina.startup.HostConfig.deployDirectory Diretório de instalação da aplicação web [C:\Users\Murilo\Documents\NetBeansProjects\apache-tomcat-10.1.39\webapps\ROOT]
20-Mar-2025 11:17:38.004 INFO [main] org.apache.catalina.startup.HostConfig.deployDirectory Deployment of web application directory [C:\Users\Murilo\Documents\NetBeansProjects\apache-tomcat-10.1.39\webapps\ROOT] has finished in [15] ms
20-Mar-2025 11:17:38.010 INFO [main] org.apache.coyote.AbstractProtocol.start Starting ProtocolHandler ["http-nio-5050"]
20-Mar-2025 11:17:38.035 INFO [main] org.apache.catalina.startup.Catalina.start Server startup in [749] milliseconds
20-Mar-2025 11:18:08.330 INFO [http-nio-5050-exec-7] org.apache.catalina.startup.HostConfig.undeploy Undeploying context []
20-Mar-2025 11:18:08.351 INFO [http-nio-5050-exec-2] org.apache.catalina.startup.HostConfig.deployDescriptor Deploying deployment descriptor [C:\Users\Murilo\Documents\NetBeansProjects\apache-tomcat-10.1.39\conf\Catalina\localhost\ROOT.xml]
20-Mar-2025 11:18:08.352 WARNING [http-nio-5050-exec-2] org.apache.catalina.startup.HostConfig.deployDescriptor The path attribute with value [] in deployment descriptor [C:\Users\Murilo\Documents\NetBeansProjects\apache-tomcat-10.1.39\conf\Catalina\localhost\ROOT.xml] has been ignored
20-Mar-2025 11:18:08.996 INFO [http-nio-5050-exec-2] org.apache.jasper.servlet.TldScanner.scanJars At least one JAR was scanned for TLDs yet contained no TLDs. Enable debug logging for this logger for a complete list of JARs that were scanned but no TLDs were found in them. Skipping unneeded JARs during scanning can improve startup time and JSP compilation time.
20-Mar-2025 11:18:09.044 SEVERE [http-nio-5050-exec-2] org.apache.catalina.startup.HostConfig.deployDescriptor Error deploying deployment descriptor [C:\Users\Murilo\Documents\NetBeansProjects\apache-tomcat-10.1.39\conf\Catalina\localhost\ROOT.xml]
	java.lang.IllegalStateException: Error starting child
		at org.apache.catalina.core.ContainerBase.addChildInternal(ContainerBase.java:602)
		at org.apache.catalina.core.ContainerBase.addChild(ContainerBase.java:571)
		at org.apache.catalina.core.StandardHost.addChild(StandardHost.java:654)
		at org.apache.catalina.startup.HostConfig.deployDescriptor(HostConfig.java:635)
		at org.apache.catalina.startup.HostConfig.deployApps(HostConfig.java:484)
		at org.apache.catalina.startup.HostConfig.check(HostConfig.java:1703)
		at java.base/jdk.internal.reflect.DirectMethodHandleAccessor.invoke(DirectMethodHandleAccessor.java:103)
		at java.base/java.lang.reflect.Method.invoke(Method.java:580)
		at org.apache.tomcat.util.modeler.BaseModelMBean.invoke(BaseModelMBean.java:264)
		at java.management/com.sun.jmx.interceptor.DefaultMBeanServerInterceptor.invoke(DefaultMBeanServerInterceptor.java:803)
		at java.management/com.sun.jmx.mbeanserver.JmxMBeanServer.invoke(JmxMBeanServer.java:802)
		at org.apache.catalina.manager.ManagerServlet.check(ManagerServlet.java:1445)
		at org.apache.catalina.manager.ManagerServlet.deploy(ManagerServlet.java:939)
		at org.apache.catalina.manager.ManagerServlet.doGet(ManagerServlet.java:314)
		at jakarta.servlet.http.HttpServlet.service(HttpServlet.java:564)
		at jakarta.servlet.http.HttpServlet.service(HttpServlet.java:658)
		at org.apache.catalina.core.ApplicationFilterChain.internalDoFilter(ApplicationFilterChain.java:195)
		at org.apache.catalina.core.ApplicationFilterChain.doFilter(ApplicationFilterChain.java:140)
		at org.apache.tomcat.websocket.server.WsFilter.doFilter(WsFilter.java:51)
		at org.apache.catalina.core.ApplicationFilterChain.internalDoFilter(ApplicationFilterChain.java:164)
		at org.apache.catalina.core.ApplicationFilterChain.doFilter(ApplicationFilterChain.java:140)
		at org.apache.catalina.filters.HttpHeaderSecurityFilter.doFilter(HttpHeaderSecurityFilter.java:129)
		at org.apache.catalina.core.ApplicationFilterChain.internalDoFilter(ApplicationFilterChain.java:164)
		at org.apache.catalina.core.ApplicationFilterChain.doFilter(ApplicationFilterChain.java:140)
		at org.apache.catalina.core.StandardWrapperValve.invoke(StandardWrapperValve.java:167)
		at org.apache.catalina.core.StandardContextValve.invoke(StandardContextValve.java:90)
		at org.apache.catalina.authenticator.AuthenticatorBase.invoke(AuthenticatorBase.java:598)
		at org.apache.catalina.valves.RequestFilterValve.process(RequestFilterValve.java:355)
		at org.apache.catalina.valves.RemoteAddrValve.invoke(RemoteAddrValve.java:54)
		at org.apache.catalina.core.StandardHostValve.invoke(StandardHostValve.java:115)
		at org.apache.catalina.valves.ErrorReportValve.invoke(ErrorReportValve.java:93)
		at org.apache.catalina.valves.AbstractAccessLogValve.invoke(AbstractAccessLogValve.java:670)
		at org.apache.catalina.core.StandardEngineValve.invoke(StandardEngineValve.java:74)
		at org.apache.catalina.connector.CoyoteAdapter.service(CoyoteAdapter.java:344)
		at org.apache.coyote.http11.Http11Processor.service(Http11Processor.java:397)
		at org.apache.coyote.AbstractProcessorLight.process(AbstractProcessorLight.java:63)
		at org.apache.coyote.AbstractProtocol$ConnectionHandler.process(AbstractProtocol.java:905)
		at org.apache.tomcat.util.net.NioEndpoint$SocketProcessor.doRun(NioEndpoint.java:1743)
		at org.apache.tomcat.util.net.SocketProcessorBase.run(SocketProcessorBase.java:52)
		at org.apache.tomcat.util.threads.ThreadPoolExecutor.runWorker(ThreadPoolExecutor.java:1190)
		at org.apache.tomcat.util.threads.ThreadPoolExecutor$Worker.run(ThreadPoolExecutor.java:659)
		at org.apache.tomcat.util.threads.TaskThread$WrappingRunnable.run(TaskThread.java:63)
		at java.base/java.lang.Thread.run(Thread.java:1575)
	Caused by: org.apache.catalina.LifecycleException: Failed to start component [StandardEngine[Catalina].StandardHost[localhost].StandardContext[]]
		at org.apache.catalina.util.LifecycleBase.handleSubClassException(LifecycleBase.java:406)
		at org.apache.catalina.util.LifecycleBase.start(LifecycleBase.java:179)
		at org.apache.catalina.core.ContainerBase.addChildInternal(ContainerBase.java:599)
		... 42 more
	Caused by: java.lang.UnsupportedOperationException: Not supported yet.
		at application.se_security_01.config.DsInitializer.getRootConfigClasses(DsInitializer.java:17)
		at org.springframework.web.servlet.support.AbstractAnnotationConfigDispatcherServletInitializer.createRootApplicationContext(AbstractAnnotationConfigDispatcherServletInitializer.java:56)
		at org.springframework.web.context.AbstractContextLoaderInitializer.registerContextLoaderListener(AbstractContextLoaderInitializer.java:59)
		at org.springframework.web.context.AbstractContextLoaderInitializer.onStartup(AbstractContextLoaderInitializer.java:49)
		at org.springframework.web.servlet.support.AbstractDispatcherServletInitializer.onStartup(AbstractDispatcherServletInitializer.java:64)
		at org.springframework.web.SpringServletContainerInitializer.onStartup(SpringServletContainerInitializer.java:171)
		at org.apache.catalina.core.StandardContext.startInternal(StandardContext.java:4467)
		at org.apache.catalina.util.LifecycleBase.start(LifecycleBase.java:164)
		... 43 more
20-Mar-2025 11:18:09.085 INFO [http-nio-5050-exec-2] org.apache.catalina.startup.HostConfig.deployDescriptor Deployment of deployment descriptor [C:\Users\Murilo\Documents\NetBeansProjects\apache-tomcat-10.1.39\conf\Catalina\localhost\ROOT.xml] has finished in [734] ms
20-Mar-2025 11:23:47.231 INFO [main] org.apache.catalina.core.StandardServer.await A valid shutdown command was received via the shutdown port. Stopping the Server instance.
20-Mar-2025 11:23:47.231 INFO [main] org.apache.coyote.AbstractProtocol.pause Pausing ProtocolHandler ["http-nio-5050"]
20-Mar-2025 11:23:47.234 INFO [main] org.apache.catalina.core.StandardService.stopInternal Stopping service [Catalina]
20-Mar-2025 11:23:47.241 INFO [main] org.apache.coyote.AbstractProtocol.stop Stopping ProtocolHandler ["http-nio-5050"]
20-Mar-2025 11:23:47.244 INFO [main] org.apache.coyote.AbstractProtocol.destroy Destroying ProtocolHandler ["http-nio-5050"]
20-Mar-2025 11:23:54.120 INFO [main] org.apache.catalina.startup.VersionLoggerListener.log Server version name:   Apache Tomcat/10.1.39
20-Mar-2025 11:23:54.124 INFO [main] org.apache.catalina.startup.VersionLoggerListener.log Server built:          Mar 4 2025 19:02:32 UTC
20-Mar-2025 11:23:54.124 INFO [main] org.apache.catalina.startup.VersionLoggerListener.log Server version number: 10.1.39.0
20-Mar-2025 11:23:54.124 INFO [main] org.apache.catalina.startup.VersionLoggerListener.log OS Name:               Windows 11
20-Mar-2025 11:23:54.124 INFO [main] org.apache.catalina.startup.VersionLoggerListener.log OS Version:            10.0
20-Mar-2025 11:23:54.124 INFO [main] org.apache.catalina.startup.VersionLoggerListener.log Architecture:          amd64
20-Mar-2025 11:23:54.124 INFO [main] org.apache.catalina.startup.VersionLoggerListener.log Java Home:             C:\Program Files\Java\jdk-23
20-Mar-2025 11:23:54.125 INFO [main] org.apache.catalina.startup.VersionLoggerListener.log JVM Version:           23+37-2369
20-Mar-2025 11:23:54.125 INFO [main] org.apache.catalina.startup.VersionLoggerListener.log JVM Vendor:            Oracle Corporation
20-Mar-2025 11:23:54.125 INFO [main] org.apache.catalina.startup.VersionLoggerListener.log CATALINA_BASE:         C:\Users\Murilo\Documents\NetBeansProjects\apache-tomcat-10.1.39
20-Mar-2025 11:23:54.125 INFO [main] org.apache.catalina.startup.VersionLoggerListener.log CATALINA_HOME:         C:\Users\Murilo\Documents\NetBeansProjects\apache-tomcat-10.1.39
20-Mar-2025 11:23:54.132 INFO [main] org.apache.catalina.startup.VersionLoggerListener.log Command line argument: -Djava.util.logging.config.file=C:\Users\Murilo\Documents\NetBeansProjects\apache-tomcat-10.1.39\conf\logging.properties
20-Mar-2025 11:23:54.132 INFO [main] org.apache.catalina.startup.VersionLoggerListener.log Command line argument: -Djava.util.logging.manager=org.apache.juli.ClassLoaderLogManager
20-Mar-2025 11:23:54.133 INFO [main] org.apache.catalina.startup.VersionLoggerListener.log Command line argument: -Djdk.tls.ephemeralDHKeySize=2048
20-Mar-2025 11:23:54.133 INFO [main] org.apache.catalina.startup.VersionLoggerListener.log Command line argument: -Djava.protocol.handler.pkgs=org.apache.catalina.webresources
20-Mar-2025 11:23:54.133 INFO [main] org.apache.catalina.startup.VersionLoggerListener.log Command line argument: -Dsun.io.useCanonCaches=false
20-Mar-2025 11:23:54.133 INFO [main] org.apache.catalina.startup.VersionLoggerListener.log Command line argument: --add-opens=java.base/java.lang=ALL-UNNAMED
20-Mar-2025 11:23:54.133 INFO [main] org.apache.catalina.startup.VersionLoggerListener.log Command line argument: --add-opens=java.base/java.lang.reflect=ALL-UNNAMED
20-Mar-2025 11:23:54.133 INFO [main] org.apache.catalina.startup.VersionLoggerListener.log Command line argument: --add-opens=java.base/java.io=ALL-UNNAMED
20-Mar-2025 11:23:54.133 INFO [main] org.apache.catalina.startup.VersionLoggerListener.log Command line argument: --add-opens=java.base/java.util=ALL-UNNAMED
20-Mar-2025 11:23:54.134 INFO [main] org.apache.catalina.startup.VersionLoggerListener.log Command line argument: --add-opens=java.base/java.util.concurrent=ALL-UNNAMED
20-Mar-2025 11:23:54.134 INFO [main] org.apache.catalina.startup.VersionLoggerListener.log Command line argument: --add-opens=java.rmi/sun.rmi.transport=ALL-UNNAMED
20-Mar-2025 11:23:54.134 INFO [main] org.apache.catalina.startup.VersionLoggerListener.log Command line argument: -Dcatalina.base=C:\Users\Murilo\Documents\NetBeansProjects\apache-tomcat-10.1.39
20-Mar-2025 11:23:54.134 INFO [main] org.apache.catalina.startup.VersionLoggerListener.log Command line argument: -Dcatalina.home=C:\Users\Murilo\Documents\NetBeansProjects\apache-tomcat-10.1.39
20-Mar-2025 11:23:54.134 INFO [main] org.apache.catalina.startup.VersionLoggerListener.log Command line argument: -Djava.io.tmpdir=C:\Users\Murilo\Documents\NetBeansProjects\apache-tomcat-10.1.39\temp
20-Mar-2025 11:23:54.136 INFO [main] org.apache.catalina.core.AprLifecycleListener.lifecycleEvent Loaded Apache Tomcat Native library [2.0.8] using APR version [1.7.4].
20-Mar-2025 11:23:54.164 INFO [main] org.apache.catalina.core.AprLifecycleListener.initializeSSL OpenSSL successfully initialized [OpenSSL 3.0.14 4 Jun 2024]
20-Mar-2025 11:23:54.374 INFO [main] org.apache.coyote.AbstractProtocol.init Initializing ProtocolHandler ["http-nio-5050"]
20-Mar-2025 11:23:54.402 INFO [main] org.apache.catalina.startup.Catalina.load Server initialization in [435] milliseconds
20-Mar-2025 11:23:54.458 INFO [main] org.apache.catalina.core.StandardService.startInternal Starting service [Catalina]
20-Mar-2025 11:23:54.458 INFO [main] org.apache.catalina.core.StandardEngine.startInternal Starting Servlet engine: [Apache Tomcat/10.1.39]
20-Mar-2025 11:23:54.458 INFO [main] org.apache.catalina.startup.HostConfig.deployDescriptor Deploying deployment descriptor [C:\Users\Murilo\Documents\NetBeansProjects\apache-tomcat-10.1.39\conf\Catalina\localhost\ROOT.xml]
20-Mar-2025 11:23:54.484 WARNING [main] org.apache.catalina.startup.HostConfig.deployDescriptor The path attribute with value [] in deployment descriptor [C:\Users\Murilo\Documents\NetBeansProjects\apache-tomcat-10.1.39\conf\Catalina\localhost\ROOT.xml] has been ignored
20-Mar-2025 11:23:55.358 INFO [main] org.apache.jasper.servlet.TldScanner.scanJars At least one JAR was scanned for TLDs yet contained no TLDs. Enable debug logging for this logger for a complete list of JARs that were scanned but no TLDs were found in them. Skipping unneeded JARs during scanning can improve startup time and JSP compilation time.
20-Mar-2025 11:23:55.424 SEVERE [main] org.apache.catalina.startup.HostConfig.deployDescriptor Error deploying deployment descriptor [C:\Users\Murilo\Documents\NetBeansProjects\apache-tomcat-10.1.39\conf\Catalina\localhost\ROOT.xml]
	java.lang.IllegalStateException: Error starting child
		at org.apache.catalina.core.ContainerBase.addChildInternal(ContainerBase.java:602)
		at org.apache.catalina.core.ContainerBase.addChild(ContainerBase.java:571)
		at org.apache.catalina.core.StandardHost.addChild(StandardHost.java:654)
		at org.apache.catalina.startup.HostConfig.deployDescriptor(HostConfig.java:635)
		at org.apache.catalina.startup.HostConfig$DeployDescriptor.run(HostConfig.java:1889)
		at java.base/java.util.concurrent.Executors$RunnableAdapter.call(Executors.java:572)
		at java.base/java.util.concurrent.FutureTask.run(FutureTask.java:317)
		at org.apache.tomcat.util.threads.InlineExecutorService.execute(InlineExecutorService.java:75)
		at java.base/java.util.concurrent.AbstractExecutorService.submit(AbstractExecutorService.java:124)
		at org.apache.catalina.startup.HostConfig.deployDescriptors(HostConfig.java:530)
		at org.apache.catalina.startup.HostConfig.deployApps(HostConfig.java:421)
		at org.apache.catalina.startup.HostConfig.start(HostConfig.java:1629)
		at org.apache.catalina.startup.HostConfig.lifecycleEvent(HostConfig.java:303)
		at org.apache.catalina.util.LifecycleBase.fireLifecycleEvent(LifecycleBase.java:109)
		at org.apache.catalina.util.LifecycleBase.setStateInternal(LifecycleBase.java:389)
		at org.apache.catalina.util.LifecycleBase.setState(LifecycleBase.java:336)
		at org.apache.catalina.core.ContainerBase.startInternal(ContainerBase.java:776)
		at org.apache.catalina.core.StandardHost.startInternal(StandardHost.java:772)
		at org.apache.catalina.util.LifecycleBase.start(LifecycleBase.java:164)
		at org.apache.catalina.core.ContainerBase$StartChild.call(ContainerBase.java:1203)
		at org.apache.catalina.core.ContainerBase$StartChild.call(ContainerBase.java:1193)
		at java.base/java.util.concurrent.FutureTask.run(FutureTask.java:317)
		at org.apache.tomcat.util.threads.InlineExecutorService.execute(InlineExecutorService.java:75)
		at java.base/java.util.concurrent.AbstractExecutorService.submit(AbstractExecutorService.java:148)
		at org.apache.catalina.core.ContainerBase.startInternal(ContainerBase.java:749)
		at org.apache.catalina.core.StandardEngine.startInternal(StandardEngine.java:203)
		at org.apache.catalina.util.LifecycleBase.start(LifecycleBase.java:164)
		at org.apache.catalina.core.StandardService.startInternal(StandardService.java:415)
		at org.apache.catalina.util.LifecycleBase.start(LifecycleBase.java:164)
		at org.apache.catalina.core.StandardServer.startInternal(StandardServer.java:870)
		at org.apache.catalina.util.LifecycleBase.start(LifecycleBase.java:164)
		at org.apache.catalina.startup.Catalina.start(Catalina.java:761)
		at java.base/jdk.internal.reflect.DirectMethodHandleAccessor.invoke(DirectMethodHandleAccessor.java:103)
		at java.base/java.lang.reflect.Method.invoke(Method.java:580)
		at org.apache.catalina.startup.Bootstrap.start(Bootstrap.java:345)
		at org.apache.catalina.startup.Bootstrap.main(Bootstrap.java:473)
	Caused by: org.apache.catalina.LifecycleException: Failed to start component [StandardEngine[Catalina].StandardHost[localhost].StandardContext[]]
		at org.apache.catalina.util.LifecycleBase.handleSubClassException(LifecycleBase.java:406)
		at org.apache.catalina.util.LifecycleBase.start(LifecycleBase.java:179)
		at org.apache.catalina.core.ContainerBase.addChildInternal(ContainerBase.java:599)
		... 35 more
	Caused by: java.lang.UnsupportedOperationException: Not supported yet.
		at application.se_security_01.config.DsInitializer.getRootConfigClasses(DsInitializer.java:17)
		at org.springframework.web.servlet.support.AbstractAnnotationConfigDispatcherServletInitializer.createRootApplicationContext(AbstractAnnotationConfigDispatcherServletInitializer.java:56)
		at org.springframework.web.context.AbstractContextLoaderInitializer.registerContextLoaderListener(AbstractContextLoaderInitializer.java:59)
		at org.springframework.web.context.AbstractContextLoaderInitializer.onStartup(AbstractContextLoaderInitializer.java:49)
		at org.springframework.web.servlet.support.AbstractDispatcherServletInitializer.onStartup(AbstractDispatcherServletInitializer.java:64)
		at org.springframework.web.SpringServletContainerInitializer.onStartup(SpringServletContainerInitializer.java:171)
		at org.apache.catalina.core.StandardContext.startInternal(StandardContext.java:4467)
		at org.apache.catalina.util.LifecycleBase.start(LifecycleBase.java:164)
		... 36 more
20-Mar-2025 11:23:55.428 INFO [main] org.apache.catalina.startup.HostConfig.deployDescriptor Deployment of deployment descriptor [C:\Users\Murilo\Documents\NetBeansProjects\apache-tomcat-10.1.39\conf\Catalina\localhost\ROOT.xml] has finished in [968] ms
20-Mar-2025 11:23:55.428 INFO [main] org.apache.catalina.startup.HostConfig.deployDirectory Diretório de instalação da aplicação web [C:\Users\Murilo\Documents\NetBeansProjects\apache-tomcat-10.1.39\webapps\docs]
20-Mar-2025 11:23:55.464 INFO [main] org.apache.catalina.startup.HostConfig.deployDirectory Deployment of web application directory [C:\Users\Murilo\Documents\NetBeansProjects\apache-tomcat-10.1.39\webapps\docs] has finished in [36] ms
20-Mar-2025 11:23:55.464 INFO [main] org.apache.catalina.startup.HostConfig.deployDirectory Diretório de instalação da aplicação web [C:\Users\Murilo\Documents\NetBeansProjects\apache-tomcat-10.1.39\webapps\examples]
20-Mar-2025 11:23:55.760 INFO [main] org.apache.catalina.startup.HostConfig.deployDirectory Deployment of web application directory [C:\Users\Murilo\Documents\NetBeansProjects\apache-tomcat-10.1.39\webapps\examples] has finished in [296] ms
20-Mar-2025 11:23:55.760 INFO [main] org.apache.catalina.startup.HostConfig.deployDirectory Diretório de instalação da aplicação web [C:\Users\Murilo\Documents\NetBeansProjects\apache-tomcat-10.1.39\webapps\host-manager]
20-Mar-2025 11:23:55.778 INFO [main] org.apache.catalina.startup.HostConfig.deployDirectory Deployment of web application directory [C:\Users\Murilo\Documents\NetBeansProjects\apache-tomcat-10.1.39\webapps\host-manager] has finished in [18] ms
20-Mar-2025 11:23:55.778 INFO [main] org.apache.catalina.startup.HostConfig.deployDirectory Diretório de instalação da aplicação web [C:\Users\Murilo\Documents\NetBeansProjects\apache-tomcat-10.1.39\webapps\manager]
20-Mar-2025 11:23:55.811 INFO [main] org.apache.catalina.startup.HostConfig.deployDirectory Deployment of web application directory [C:\Users\Murilo\Documents\NetBeansProjects\apache-tomcat-10.1.39\webapps\manager] has finished in [33] ms
20-Mar-2025 11:23:55.815 INFO [main] org.apache.coyote.AbstractProtocol.start Starting ProtocolHandler ["http-nio-5050"]
20-Mar-2025 11:23:55.828 INFO [main] org.apache.catalina.startup.Catalina.start Server startup in [1425] milliseconds
20-Mar-2025 12:21:50.141 INFO [main] org.apache.catalina.core.StandardServer.await A valid shutdown command was received via the shutdown port. Stopping the Server instance.
20-Mar-2025 12:21:50.141 INFO [main] org.apache.coyote.AbstractProtocol.pause Pausing ProtocolHandler ["http-nio-5050"]
20-Mar-2025 12:21:50.145 INFO [main] org.apache.catalina.core.StandardService.stopInternal Stopping service [Catalina]
20-Mar-2025 12:21:50.159 INFO [main] org.apache.coyote.AbstractProtocol.stop Stopping ProtocolHandler ["http-nio-5050"]
20-Mar-2025 12:21:50.179 INFO [main] org.apache.coyote.AbstractProtocol.destroy Destroying ProtocolHandler ["http-nio-5050"]
