21-Mar-2025 09:18:56.151 INFO [http-nio-5050-exec-4] org.apache.catalina.core.ApplicationContext.log Manager: init: Associated with Deployer 'Catalina:type=Deployer,host=localhost'
21-Mar-2025 09:18:56.151 INFO [http-nio-5050-exec-4] org.apache.catalina.core.ApplicationContext.log Manager: init: Global resources are available
21-Mar-2025 09:18:56.186 INFO [http-nio-5050-exec-8] org.apache.catalina.core.ApplicationContext.log Manager: list: Listing contexts for virtual host 'localhost'
21-Mar-2025 09:18:56.188 INFO [http-nio-5050-exec-9] org.apache.catalina.core.ApplicationContext.log Manager: list: Listing contexts for virtual host 'localhost'
21-Mar-2025 09:18:56.193 INFO [http-nio-5050-exec-6] org.apache.catalina.core.ApplicationContext.log Manager: undeploy: Undeploying web application at '/'
21-Mar-2025 09:18:56.724 INFO [http-nio-5050-exec-3] org.apache.catalina.core.ApplicationContext.log Manager: install: Installing context configuration at 'file:/C:/Users/Murilo/AppData/Local/Temp/context13122154420237649077.xml'
21-Mar-2025 09:18:57.304 INFO [http-nio-5050-exec-9] org.apache.catalina.core.ApplicationContext.log Manager: start: Starting web application '/'
21-Mar-2025 09:23:48.709 INFO [http-nio-5050-exec-2] org.apache.catalina.core.ApplicationContext.log Manager: init: Associated with Deployer 'Catalina:type=Deployer,host=localhost'
21-Mar-2025 09:23:48.709 INFO [http-nio-5050-exec-2] org.apache.catalina.core.ApplicationContext.log Manager: init: Global resources are available
21-Mar-2025 09:23:48.718 INFO [http-nio-5050-exec-2] org.apache.catalina.core.ApplicationContext.log Manager: list: Listing contexts for virtual host 'localhost'
21-Mar-2025 09:23:48.719 INFO [http-nio-5050-exec-5] org.apache.catalina.core.ApplicationContext.log Manager: list: Listing contexts for virtual host 'localhost'
21-Mar-2025 09:23:48.719 INFO [http-nio-5050-exec-6] org.apache.catalina.core.ApplicationContext.log Manager: undeploy: Undeploying web application at '/'
21-Mar-2025 09:23:49.262 INFO [http-nio-5050-exec-1] org.apache.catalina.core.ApplicationContext.log Manager: install: Installing context configuration at 'file:/C:/Users/Murilo/AppData/Local/Temp/context10764952976117417830.xml'
21-Mar-2025 09:23:49.853 INFO [http-nio-5050-exec-3] org.apache.catalina.core.ApplicationContext.log Manager: start: Starting web application '/'
21-Mar-2025 09:26:47.216 INFO [http-nio-5050-exec-2] org.apache.catalina.core.ApplicationContext.log Manager: init: Associated with Deployer 'Catalina:type=Deployer,host=localhost'
21-Mar-2025 09:26:47.216 INFO [http-nio-5050-exec-2] org.apache.catalina.core.ApplicationContext.log Manager: init: Global resources are available
21-Mar-2025 09:26:47.216 INFO [http-nio-5050-exec-2] org.apache.catalina.core.ApplicationContext.log Manager: list: Listing contexts for virtual host 'localhost'
21-Mar-2025 09:26:47.216 INFO [http-nio-5050-exec-4] org.apache.catalina.core.ApplicationContext.log Manager: list: Listing contexts for virtual host 'localhost'
21-Mar-2025 09:26:47.216 INFO [http-nio-5050-exec-6] org.apache.catalina.core.ApplicationContext.log Manager: undeploy: Undeploying web application at '/'
21-Mar-2025 09:26:47.752 INFO [http-nio-5050-exec-4] org.apache.catalina.core.ApplicationContext.log Manager: install: Installing context configuration at 'file:/C:/Users/Murilo/AppData/Local/Temp/context12449656427032127922.xml'
21-Mar-2025 09:26:48.338 INFO [http-nio-5050-exec-1] org.apache.catalina.core.ApplicationContext.log Manager: start: Starting web application '/'
21-Mar-2025 09:33:34.792 INFO [http-nio-5050-exec-19] org.apache.catalina.core.ApplicationContext.log Manager: list: Listing contexts for virtual host 'localhost'
21-Mar-2025 09:33:34.792 INFO [http-nio-5050-exec-20] org.apache.catalina.core.ApplicationContext.log Manager: undeploy: Undeploying web application at '/'
21-Mar-2025 09:35:12.313 INFO [http-nio-5050-exec-11] org.apache.catalina.core.ApplicationContext.log Manager: list: Listing contexts for virtual host 'localhost'
21-Mar-2025 09:35:47.144 INFO [http-nio-5050-exec-2] org.apache.catalina.core.ApplicationContext.log Manager: init: Associated with Deployer 'Catalina:type=Deployer,host=localhost'
21-Mar-2025 09:35:47.144 INFO [http-nio-5050-exec-2] org.apache.catalina.core.ApplicationContext.log Manager: init: Global resources are available
21-Mar-2025 09:35:47.152 INFO [http-nio-5050-exec-8] org.apache.catalina.core.ApplicationContext.log Manager: list: Listing contexts for virtual host 'localhost'
21-Mar-2025 09:35:47.154 INFO [http-nio-5050-exec-1] org.apache.catalina.core.ApplicationContext.log Manager: list: Listing contexts for virtual host 'localhost'
21-Mar-2025 09:35:47.160 INFO [http-nio-5050-exec-4] org.apache.catalina.core.ApplicationContext.log Manager: install: Installing context configuration at 'file:/C:/Users/Murilo/AppData/Local/Temp/context10147476782501736253.xml'
21-Mar-2025 09:35:47.828 INFO [http-nio-5050-exec-5] org.apache.catalina.core.ApplicationContext.log Manager: start: Starting web application '/'
21-Mar-2025 09:55:41.286 INFO [http-nio-5050-exec-2] org.apache.catalina.core.ApplicationContext.log Manager: init: Associated with Deployer 'Catalina:type=Deployer,host=localhost'
21-Mar-2025 09:55:41.287 INFO [http-nio-5050-exec-2] org.apache.catalina.core.ApplicationContext.log Manager: init: Global resources are available
21-Mar-2025 09:55:41.296 INFO [http-nio-5050-exec-2] org.apache.catalina.core.ApplicationContext.log Manager: list: Listing contexts for virtual host 'localhost'
21-Mar-2025 09:55:41.297 INFO [http-nio-5050-exec-6] org.apache.catalina.core.ApplicationContext.log Manager: list: Listing contexts for virtual host 'localhost'
21-Mar-2025 09:55:41.297 INFO [http-nio-5050-exec-7] org.apache.catalina.core.ApplicationContext.log Manager: undeploy: Undeploying web application at '/'
21-Mar-2025 09:55:41.837 INFO [http-nio-5050-exec-9] org.apache.catalina.core.ApplicationContext.log Manager: install: Installing context configuration at 'file:/C:/Users/Murilo/AppData/Local/Temp/context4013304176887671784.xml'
21-Mar-2025 09:55:42.407 INFO [http-nio-5050-exec-1] org.apache.catalina.core.ApplicationContext.log Manager: start: Starting web application '/'
21-Mar-2025 09:56:53.593 INFO [http-nio-5050-exec-4] org.apache.catalina.core.ApplicationContext.log Manager: list: Listing contexts for virtual host 'localhost'
21-Mar-2025 09:56:53.593 INFO [http-nio-5050-exec-10] org.apache.catalina.core.ApplicationContext.log Manager: list: Listing contexts for virtual host 'localhost'
21-Mar-2025 10:00:36.465 INFO [http-nio-5050-exec-2] org.apache.catalina.core.ApplicationContext.log Manager: init: Associated with Deployer 'Catalina:type=Deployer,host=localhost'
21-Mar-2025 10:00:36.466 INFO [http-nio-5050-exec-2] org.apache.catalina.core.ApplicationContext.log Manager: init: Global resources are available
21-Mar-2025 10:00:36.467 INFO [http-nio-5050-exec-2] org.apache.catalina.core.ApplicationContext.log Manager: list: Listing contexts for virtual host 'localhost'
21-Mar-2025 10:00:36.470 INFO [http-nio-5050-exec-7] org.apache.catalina.core.ApplicationContext.log Manager: list: Listing contexts for virtual host 'localhost'
21-Mar-2025 10:00:36.474 INFO [http-nio-5050-exec-10] org.apache.catalina.core.ApplicationContext.log Manager: undeploy: Undeploying web application at '/'
21-Mar-2025 10:00:37.011 INFO [http-nio-5050-exec-4] org.apache.catalina.core.ApplicationContext.log Manager: install: Installing context configuration at 'file:/C:/Users/Murilo/AppData/Local/Temp/context2238318899854246110.xml'
21-Mar-2025 10:00:37.587 INFO [http-nio-5050-exec-3] org.apache.catalina.core.ApplicationContext.log Manager: start: Starting web application '/'
21-Mar-2025 10:07:47.007 INFO [http-nio-5050-exec-2] org.apache.catalina.core.ApplicationContext.log Manager: init: Associated with Deployer 'Catalina:type=Deployer,host=localhost'
21-Mar-2025 10:07:47.007 INFO [http-nio-5050-exec-2] org.apache.catalina.core.ApplicationContext.log Manager: init: Global resources are available
21-Mar-2025 10:07:47.007 INFO [http-nio-5050-exec-4] org.apache.catalina.core.ApplicationContext.log Manager: list: Listing contexts for virtual host 'localhost'
21-Mar-2025 10:07:47.007 INFO [http-nio-5050-exec-5] org.apache.catalina.core.ApplicationContext.log Manager: list: Listing contexts for virtual host 'localhost'
21-Mar-2025 10:07:47.024 INFO [http-nio-5050-exec-7] org.apache.catalina.core.ApplicationContext.log Manager: undeploy: Undeploying web application at '/'
21-Mar-2025 10:07:47.554 INFO [http-nio-5050-exec-1] org.apache.catalina.core.ApplicationContext.log Manager: install: Installing context configuration at 'file:/C:/Users/Murilo/AppData/Local/Temp/context14194755388315340397.xml'
21-Mar-2025 10:07:48.140 INFO [http-nio-5050-exec-3] org.apache.catalina.core.ApplicationContext.log Manager: start: Starting web application '/'
21-Mar-2025 10:20:42.559 INFO [http-nio-5050-exec-1] org.apache.catalina.core.ApplicationContext.log Manager: init: Associated with Deployer 'Catalina:type=Deployer,host=localhost'
21-Mar-2025 10:20:42.559 INFO [http-nio-5050-exec-1] org.apache.catalina.core.ApplicationContext.log Manager: init: Global resources are available
21-Mar-2025 10:20:42.561 INFO [http-nio-5050-exec-1] org.apache.catalina.core.ApplicationContext.log Manager: list: Listing contexts for virtual host 'localhost'
21-Mar-2025 10:20:42.564 INFO [http-nio-5050-exec-7] org.apache.catalina.core.ApplicationContext.log Manager: list: Listing contexts for virtual host 'localhost'
21-Mar-2025 10:20:42.569 INFO [http-nio-5050-exec-1] org.apache.catalina.core.ApplicationContext.log Manager: undeploy: Undeploying web application at '/'
21-Mar-2025 10:20:43.090 INFO [http-nio-5050-exec-2] org.apache.catalina.core.ApplicationContext.log Manager: install: Installing context configuration at 'file:/C:/Users/Murilo/AppData/Local/Temp/context17978779087164826668.xml'
21-Mar-2025 10:20:43.732 INFO [http-nio-5050-exec-8] org.apache.catalina.core.ApplicationContext.log Manager: start: Starting web application '/'
21-Mar-2025 10:25:06.162 INFO [http-nio-5050-exec-4] org.apache.catalina.core.ApplicationContext.log Manager: init: Associated with Deployer 'Catalina:type=Deployer,host=localhost'
21-Mar-2025 10:25:06.162 INFO [http-nio-5050-exec-4] org.apache.catalina.core.ApplicationContext.log Manager: init: Global resources are available
21-Mar-2025 10:25:06.169 INFO [http-nio-5050-exec-7] org.apache.catalina.core.ApplicationContext.log Manager: list: Listing contexts for virtual host 'localhost'
21-Mar-2025 10:25:06.169 INFO [http-nio-5050-exec-8] org.apache.catalina.core.ApplicationContext.log Manager: list: Listing contexts for virtual host 'localhost'
21-Mar-2025 10:25:06.186 INFO [http-nio-5050-exec-9] org.apache.catalina.core.ApplicationContext.log Manager: undeploy: Undeploying web application at '/'
21-Mar-2025 10:25:06.712 INFO [http-nio-5050-exec-4] org.apache.catalina.core.ApplicationContext.log Manager: install: Installing context configuration at 'file:/C:/Users/Murilo/AppData/Local/Temp/context12832272172459599849.xml'
21-Mar-2025 10:25:07.235 INFO [http-nio-5050-exec-3] org.apache.catalina.core.ApplicationContext.log Manager: start: Starting web application '/'
21-Mar-2025 11:07:30.768 INFO [http-nio-5050-exec-19] org.apache.catalina.core.ApplicationContext.log Manager: list: Listing contexts for virtual host 'localhost'
21-Mar-2025 11:07:30.770 INFO [http-nio-5050-exec-20] org.apache.catalina.core.ApplicationContext.log Manager: undeploy: Undeploying web application at '/'
21-Mar-2025 11:07:44.920 INFO [http-nio-5050-exec-2] org.apache.catalina.core.ApplicationContext.log Manager: init: Associated with Deployer 'Catalina:type=Deployer,host=localhost'
21-Mar-2025 11:07:44.920 INFO [http-nio-5050-exec-2] org.apache.catalina.core.ApplicationContext.log Manager: init: Global resources are available
21-Mar-2025 11:07:44.928 INFO [http-nio-5050-exec-8] org.apache.catalina.core.ApplicationContext.log Manager: list: Listing contexts for virtual host 'localhost'
21-Mar-2025 11:07:44.930 INFO [http-nio-5050-exec-1] org.apache.catalina.core.ApplicationContext.log Manager: list: Listing contexts for virtual host 'localhost'
21-Mar-2025 11:07:44.938 INFO [http-nio-5050-exec-3] org.apache.catalina.core.ApplicationContext.log Manager: install: Installing context configuration at 'file:/C:/Users/Murilo/AppData/Local/Temp/context2507103983880477986.xml'
21-Mar-2025 11:07:45.618 INFO [http-nio-5050-exec-2] org.apache.catalina.core.ApplicationContext.log Manager: start: Starting web application '/'
